mktextfm song/OT
mktextfm song/OT
mktextfm song/OT
mktextfm song/BI/OT
mktextfm song/OT
mktextfm song/B/OT
mktextfm song/OT
mktextfm song/I/OT
mktextfm song/OT
mktextfm song/OT
mktextfm song/OT
mktextfm song/OT
mktextfm song/OT
mktextfm song/OT
mktextfm song/OT
mktextfm song/OT
mktextfm song/OT
mktextfm song/BI/OT
mktextfm song/OT
mktextfm song/B/OT
mktextfm song/OT
mktextfm song/I/OT
mktextfm song/OT
mktextfm song/OT
mktextfm song/OT
mktextfm song/OT
mktextfm song/OT
mktextfm song/OT
mktextfm songti/OT
mktextfm songti/OT
mktextfm songti/OT
mktextfm songti/BI/OT
mktextfm songti/OT
mktextfm songti/B/OT
mktextfm songti/OT
mktextfm songti/I/OT
mktextfm songti/OT
mktextfm songti/OT
mktextfm songti/OT
mktextfm songti/OT
mktextfm songti/OT
mktextfm songti/OT
mktextfm 
mktextfm 
mktextfm 
mktextfm 
mktextfm 
mktextfm 
mktextfm 
mktextfm 
mktextfm 
mktextfm 
mktextfm SimSun/OT
mktextfm SimSun/OT
mktextfm SimHei/OT
mktextfm SimHei/I/OT
mktextfm SimSun/OT
mktextfm SimSun/BI/OT
mktextfm SimSun/OT
mktextfm SimSun/I/OT
mktextfm SimSun/OT
mktextfm SimSun/OT
mktextfm SimHei/OT
mktextfm SimHei/OT
mktextfm SimSun/OT
mktextfm SimHei/OT
mktextfm SimHei/OT
mktextfm SimHei/OT
mktextfm SimSun/OT
mktextfm SimSun/OT
mktextfm SimSun/OT
mktextfm SimSun/BI/OT
mktextfm SimSun/OT
mktextfm SimSun/B/OT
mktextfm SimSun/OT
mktextfm SimSun/I/OT
mktextfm SimSun/OT
mktextfm SimSun/OT
mktextfm SimSun/OT
mktextfm SimSun/OT
mktextfm SimSun/OT
mktextfm SimSun/BI/OT
mktextfm SimSun/OT
mktextfm SimSun/B/OT
mktextfm SimSun/OT
mktextfm SimSun/I/OT
mktextfm SimSun/OT
mktextfm SimSun/OT
mktextfm SimSun/OT
