\BOOKMARK [1][-]{section.1}{\376\377\0001\000.\000\040\225\356\230\230\221\315\217\360}{}% 1
\BOOKMARK [1][-]{section.2}{\376\377\0002\000.\000\040\152\041\127\213\120\107\213\276}{}% 2
\BOOKMARK [1][-]{section.3}{\376\377\0003\000.\000\040\173\046\123\367\213\364\146\016}{}% 3
\BOOKMARK [1][-]{section.4}{\376\377\0004\000.\000\040\225\356\230\230\166\204\122\006\147\220}{}% 4
\BOOKMARK [2][-]{subsection.4.1}{\376\377\0004\000.\0001\000\040\225\356\230\230\116\000\000\040\000x\000x\000x}{section.4}% 5
\BOOKMARK [3][-]{subsubsection.4.1.1}{\376\377\0004\000.\0001\000.\0001\000\040\225\356\230\230\143\317\217\360\124\214\122\006\147\220}{subsection.4.1}% 6
\BOOKMARK [3][-]{subsubsection.4.1.2}{\376\377\0004\000.\0001\000.\0002\000\040\152\041\127\213\136\372\172\313\116\016\154\102\211\343}{subsection.4.1}% 7
\BOOKMARK [2][-]{subsection.4.2}{\376\377\0004\000.\0002\000\040\225\356\230\230\116\214\000\040\000x\000x\000x}{section.4}% 8
\BOOKMARK [3][-]{subsubsection.4.2.1}{\376\377\0004\000.\0002\000.\0001\000\040\225\356\230\230\143\317\217\360\124\214\122\006\147\220}{subsection.4.2}% 9
\BOOKMARK [3][-]{subsubsection.4.2.2}{\376\377\0004\000.\0002\000.\0002\000\040\152\041\127\213\136\372\172\313\116\016\154\102\211\343}{subsection.4.2}% 10
\BOOKMARK [2][-]{subsection.4.3}{\376\377\0004\000.\0003\000\040\225\356\230\230\116\011\000\040\000x\000x\000x}{section.4}% 11
\BOOKMARK [3][-]{subsubsection.4.3.1}{\376\377\0004\000.\0003\000.\0001\000\040\225\356\230\230\143\317\217\360\124\214\122\006\147\220}{subsection.4.3}% 12
\BOOKMARK [3][-]{subsubsection.4.3.2}{\376\377\0004\000.\0003\000.\0002\000\040\152\041\127\213\136\372\172\313\116\016\154\102\211\343}{subsection.4.3}% 13
\BOOKMARK [2][-]{subsection.4.4}{\376\377\0004\000.\0004\000\040\225\356\230\230\126\333\000\040\000x\000x\000x}{section.4}% 14
\BOOKMARK [3][-]{subsubsection.4.4.1}{\376\377\0004\000.\0004\000.\0001\000\040\225\356\230\230\143\317\217\360\124\214\122\006\147\220}{subsection.4.4}% 15
\BOOKMARK [3][-]{subsubsection.4.4.2}{\376\377\0004\000.\0004\000.\0002\000\040\152\041\127\213\136\372\172\313\116\016\154\102\211\343}{subsection.4.4}% 16
\BOOKMARK [1][-]{section.5}{\376\377\0005\000.\000\040\152\041\127\213\166\204\213\304\116\367}{}% 17
\BOOKMARK [2][-]{subsection.5.1}{\376\377\0005\000.\0001\000\040\152\041\127\213\166\204\117\030\160\271}{section.5}% 18
\BOOKMARK [2][-]{subsection.5.2}{\376\377\0005\000.\0002\000\040\152\041\127\213\166\204\177\072\160\271}{section.5}% 19
\BOOKMARK [1][-]{section.6}{\376\377\0006\000.\000\040\121\231\117\134\123\302\200\003\150\074\137\017}{}% 20
\BOOKMARK [1][-]{section.7}{\376\377\0007\000.\000\040\123\302\200\003\145\207\163\056}{}% 21
\BOOKMARK [1][-]{section.1}{\376\377\226\104\137\125\000A\000\040\172\013\136\217\116\343\170\001}{}% 22
